One
Two
Three
Four
Five
Six
Seven
Eight
Nine
Ten
Eleven
Twelve
Thirteen
Fourteen
Fifteen
Sixteen
Seventeen
Eighteen
Nineteen
Twenty
Twenty One
Twenty Two
Twenty Three
Twenty Four
Twenty Five
Twenty Six
Twenty Seven
Twenty Eight
Twenty Nine
Thirty
Thirty One
Thirty Two
Thirty Three
Thirty Four
Thirty Five
Thirty Six
Thirty Seven
Thirty Eight
Thirty Nine
Forty
Forty One
Forty Two
Forty Three
Forty Four
Forty Five
Forty Six
Forty Seven
Forty Eight
Forty Nine
Fifty
Fifty One
Fifty Two
Fifty Three
Fifty Four
Fifty Five
Fifty Six
Fifty Seven
Fifty Eight
Fifty Nine
Sixty
Sixty One
Sixty Two
Sixty Three
Sixty Four
Sixty Five
Sixty Six
Sixty Seven
Sixty Eight
Sixty Nine
Seventy
Seventy One
Seventy Two
Seventy Three
Seventy Four
Seventy Five
Seventy Six
Seventy Seven
Seventy Eight
Seventy Nine
Eighty
Eighty One
Eighty Two
Eighty Three
Eighty Four
Eighty Five
Eighty Six
Eighty Seven
Eighty Eight
Eighty Nine
Ninety
Ninety One
Ninety Two
Ninety Three
Ninety Four
Ninety Five
Ninety Six
Ninety Seven
Ninety Eight
Ninety Nine
One Hundred
One Hundred One
One Hundred Two
One Hundred Three
One Hundred Four
One Hundred Five
One Hundred Six
One Hundred Seven
One Hundred Eight
One Hundred Nine
One Hundred Ten
One Hundred Eleven
One Hundred Twelve
One Hundred Thirteen
One Hundred Fourteen
One Hundred Fifteen
One Hundred Sixteen
One Hundred Seventeen
One Hundred Eighteen
One Hundred Nineteen
One Hundred Twenty
One Hundred Twenty One
One Hundred Twenty Two
One Hundred Twenty Three
One Hundred Twenty Four
One Hundred Twenty Five
One Hundred Twenty Six
One Hundred Twenty Seven
One Hundred Twenty Eight
One Hundred Twenty Nine
One Hundred Thirty
One Hundred Thirty One
One Hundred Thirty Two
One Hundred Thirty Three
One Hundred Thirty Four
One Hundred Thirty Five
One Hundred Thirty Six
One Hundred Thirty Seven
One Hundred Thirty Eight
One Hundred Thirty Nine
One Hundred Forty
One Hundred Forty One
One Hundred Forty Two
One Hundred Forty Three
One Hundred Forty Four
One Hundred Forty Five
One Hundred Forty Six
One Hundred Forty Seven
One Hundred Forty Eight
One Hundred Forty Nine
One Hundred Fifty
One Hundred Fifty One
One Hundred Fifty Two
One Hundred Fifty Three
One Hundred Fifty Four
One Hundred Fifty Five
One Hundred Fifty Six
One Hundred Fifty Seven
One Hundred Fifty Eight
One Hundred Fifty Nine
One Hundred Sixty
One Hundred Sixty One
One Hundred Sixty Two
One Hundred Sixty Three
One Hundred Sixty Four
One Hundred Sixty Five
One Hundred Sixty Six
One Hundred Sixty Seven
One Hundred Sixty Eight
One Hundred Sixty Nine
One Hundred Seventy
One Hundred Seventy One
One Hundred Seventy Two
One Hundred Seventy Three
One Hundred Seventy Four
One Hundred Seventy Five
One Hundred Seventy Six
One Hundred Seventy Seven
One Hundred Seventy Eight
One Hundred Seventy Nine
One Hundred Eighty
One Hundred Eighty One
One Hundred Eighty Two
One Hundred Eighty Three
One Hundred Eighty Four
One Hundred Eighty Five
One Hundred Eighty Six
One Hundred Eighty Seven
One Hundred Eighty Eight
One Hundred Eighty Nine
One Hundred Ninety
One Hundred Ninety One
One Hundred Ninety Two
One Hundred Ninety Three
One Hundred Ninety Four
One Hundred Ninety Five
One Hundred Ninety Six
One Hundred Ninety Seven
One Hundred Ninety Eight
One Hundred Ninety Nine
Two Hundred
Two Hundred One
Two Hundred Two
Two Hundred Three
Two Hundred Four
Two Hundred Five
Two Hundred Six
Two Hundred Seven
Two Hundred Eight
Two Hundred Nine
Two Hundred Ten
Two Hundred Eleven
Two Hundred Twelve
Two Hundred Thirteen
Two Hundred Fourteen
Two Hundred Fifteen
Two Hundred Sixteen
Two Hundred Seventeen
Two Hundred Eighteen
Two Hundred Nineteen
Two Hundred Twenty
Two Hundred Twenty One
Two Hundred Twenty Two
Two Hundred Twenty Three
Two Hundred Twenty Four
Two Hundred Twenty Five
Two Hundred Twenty Six
Two Hundred Twenty Seven
Two Hundred Twenty Eight
Two Hundred Twenty Nine
Two Hundred Thirty
Two Hundred Thirty One
Two Hundred Thirty Two
Two Hundred Thirty Three
Two Hundred Thirty Four
Two Hundred Thirty Five
Two Hundred Thirty Six
Two Hundred Thirty Seven
Two Hundred Thirty Eight
Two Hundred Thirty Nine
Two Hundred Forty
Two Hundred Forty One
Two Hundred Forty Two
Two Hundred Forty Three
Two Hundred Forty Four
Two Hundred Forty Five
Two Hundred Forty Six
Two Hundred Forty Seven
Two Hundred Forty Eight
Two Hundred Forty Nine
Two Hundred Fifty
Two Hundred Fifty One
Two Hundred Fifty Two
Two Hundred Fifty Three
Two Hundred Fifty Four
Two Hundred Fifty Five
Two Hundred Fifty Six
Two Hundred Fifty Seven
Two Hundred Fifty Eight
Two Hundred Fifty Nine
Two Hundred Sixty
Two Hundred Sixty One
Two Hundred Sixty Two
Two Hundred Sixty Three
Two Hundred Sixty Four
Two Hundred Sixty Five
Two Hundred Sixty Six
Two Hundred Sixty Seven
Two Hundred Sixty Eight
Two Hundred Sixty Nine
Two Hundred Seventy
Two Hundred Seventy One
Two Hundred Seventy Two
Two Hundred Seventy Three
Two Hundred Seventy Four
Two Hundred Seventy Five
Two Hundred Seventy Six
Two Hundred Seventy Seven
Two Hundred Seventy Eight
Two Hundred Seventy Nine
Two Hundred Eighty
Two Hundred Eighty One
Two Hundred Eighty Two
Two Hundred Eighty Three
Two Hundred Eighty Four
Two Hundred Eighty Five
Two Hundred Eighty Six
Two Hundred Eighty Seven
Two Hundred Eighty Eight
Two Hundred Eighty Nine
Two Hundred Ninety
Two Hundred Ninety One
Two Hundred Ninety Two
Two Hundred Ninety Three
Two Hundred Ninety Four
Two Hundred Ninety Five
Two Hundred Ninety Six
Two Hundred Ninety Seven
Two Hundred Ninety Eight
Two Hundred Ninety Nine
Three Hundred
Three Hundred One
Three Hundred Two
Three Hundred Three
Three Hundred Four
Three Hundred Five
Three Hundred Six
Three Hundred Seven
Three Hundred Eight
Three Hundred Nine
Three Hundred Ten
Three Hundred Eleven
Three Hundred Twelve
Three Hundred Thirteen
Three Hundred Fourteen
Three Hundred Fifteen
Three Hundred Sixteen
Three Hundred Seventeen
Three Hundred Eighteen
Three Hundred Nineteen
Three Hundred Twenty
Three Hundred Twenty One
Three Hundred Twenty Two
Three Hundred Twenty Three
Three Hundred Twenty Four
Three Hundred Twenty Five
Three Hundred Twenty Six
Three Hundred Twenty Seven
Three Hundred Twenty Eight
Three Hundred Twenty Nine
Three Hundred Thirty
Three Hundred Thirty One
Three Hundred Thirty Two
Three Hundred Thirty Three
Three Hundred Thirty Four
Three Hundred Thirty Five
Three Hundred Thirty Six
Three Hundred Thirty Seven
Three Hundred Thirty Eight
Three Hundred Thirty Nine
Three Hundred Forty
Three Hundred Forty One
Three Hundred Forty Two
Three Hundred Forty Three
Three Hundred Forty Four
Three Hundred Forty Five
Three Hundred Forty Six
Three Hundred Forty Seven
Three Hundred Forty Eight
Three Hundred Forty Nine
Three Hundred Fifty
Three Hundred Fifty One
Three Hundred Fifty Two
Three Hundred Fifty Three
Three Hundred Fifty Four
Three Hundred Fifty Five
Three Hundred Fifty Six
Three Hundred Fifty Seven
Three Hundred Fifty Eight
Three Hundred Fifty Nine
Three Hundred Sixty
Three Hundred Sixty One
Three Hundred Sixty Two
Three Hundred Sixty Three
Three Hundred Sixty Four
Three Hundred Sixty Five
Three Hundred Sixty Six
Three Hundred Sixty Seven
Three Hundred Sixty Eight
Three Hundred Sixty Nine
Three Hundred Seventy
Three Hundred Seventy One
Three Hundred Seventy Two
Three Hundred Seventy Three
Three Hundred Seventy Four
Three Hundred Seventy Five
Three Hundred Seventy Six
Three Hundred Seventy Seven
Three Hundred Seventy Eight
Three Hundred Seventy Nine
Three Hundred Eighty
Three Hundred Eighty One
Three Hundred Eighty Two
Three Hundred Eighty Three
Three Hundred Eighty Four
Three Hundred Eighty Five
Three Hundred Eighty Six
Three Hundred Eighty Seven
Three Hundred Eighty Eight
Three Hundred Eighty Nine
Three Hundred Ninety
Three Hundred Ninety One
Three Hundred Ninety Two
Three Hundred Ninety Three
Three Hundred Ninety Four
Three Hundred Ninety Five
Three Hundred Ninety Six
Three Hundred Ninety Seven
Three Hundred Ninety Eight
Three Hundred Ninety Nine
Four Hundred
Four Hundred One
Four Hundred Two
Four Hundred Three
Four Hundred Four
Four Hundred Five
Four Hundred Six
Four Hundred Seven
Four Hundred Eight
Four Hundred Nine
Four Hundred Ten
Four Hundred Eleven
Four Hundred Twelve
Four Hundred Thirteen
Four Hundred Fourteen
Four Hundred Fifteen
Four Hundred Sixteen
Four Hundred Seventeen
Four Hundred Eighteen
Four Hundred Nineteen
Four Hundred Twenty
Four Hundred Twenty One
Four Hundred Twenty Two
Four Hundred Twenty Three
Four Hundred Twenty Four
Four Hundred Twenty Five
Four Hundred Twenty Six
Four Hundred Twenty Seven
Four Hundred Twenty Eight
Four Hundred Twenty Nine
Four Hundred Thirty
Four Hundred Thirty One
Four Hundred Thirty Two
Four Hundred Thirty Three
Four Hundred Thirty Four
Four Hundred Thirty Five
Four Hundred Thirty Six
Four Hundred Thirty Seven
Four Hundred Thirty Eight
Four Hundred Thirty Nine
Four Hundred Forty
Four Hundred Forty One
Four Hundred Forty Two
Four Hundred Forty Three
Four Hundred Forty Four
Four Hundred Forty Five
Four Hundred Forty Six
Four Hundred Forty Seven
Four Hundred Forty Eight
Four Hundred Forty Nine
Four Hundred Fifty
Four Hundred Fifty One
Four Hundred Fifty Two
Four Hundred Fifty Three
Four Hundred Fifty Four
Four Hundred Fifty Five
Four Hundred Fifty Six
Four Hundred Fifty Seven
Four Hundred Fifty Eight
Four Hundred Fifty Nine
Four Hundred Sixty
Four Hundred Sixty One
Four Hundred Sixty Two
Four Hundred Sixty Three
Four Hundred Sixty Four
Four Hundred Sixty Five
Four Hundred Sixty Six
Four Hundred Sixty Seven
Four Hundred Sixty Eight
Four Hundred Sixty Nine
Four Hundred Seventy
Four Hundred Seventy One
Four Hundred Seventy Two
Four Hundred Seventy Three
Four Hundred Seventy Four
Four Hundred Seventy Five
Four Hundred Seventy Six
Four Hundred Seventy Seven
Four Hundred Seventy Eight
Four Hundred Seventy Nine
Four Hundred Eighty
Four Hundred Eighty One
Four Hundred Eighty Two
Four Hundred Eighty Three
Four Hundred Eighty Four
Four Hundred Eighty Five
Four Hundred Eighty Six
Four Hundred Eighty Seven
Four Hundred Eighty Eight
Four Hundred Eighty Nine
Four Hundred Ninety
Four Hundred Ninety One
Four Hundred Ninety Two
Four Hundred Ninety Three
Four Hundred Ninety Four
Four Hundred Ninety Five
Four Hundred Ninety Six
Four Hundred Ninety Seven
Four Hundred Ninety Eight
Four Hundred Ninety Nine
Five Hundred
Five Hundred One
Five Hundred Two
Five Hundred Three
Five Hundred Four
Five Hundred Five
Five Hundred Six
Five Hundred Seven
Five Hundred Eight
Five Hundred Nine
Five Hundred Ten
Five Hundred Eleven
Five Hundred Twelve
Five Hundred Thirteen
Five Hundred Fourteen
Five Hundred Fifteen
Five Hundred Sixteen
Five Hundred Seventeen
Five Hundred Eighteen
Five Hundred Nineteen
Five Hundred Twenty
Five Hundred Twenty One
Five Hundred Twenty Two
Five Hundred Twenty Three
Five Hundred Twenty Four
Five Hundred Twenty Five
Five Hundred Twenty Six
Five Hundred Twenty Seven
Five Hundred Twenty Eight
Five Hundred Twenty Nine
Five Hundred Thirty
Five Hundred Thirty One
Five Hundred Thirty Two
Five Hundred Thirty Three
Five Hundred Thirty Four
Five Hundred Thirty Five
Five Hundred Thirty Six
Five Hundred Thirty Seven
Five Hundred Thirty Eight
Five Hundred Thirty Nine
Five Hundred Forty
Five Hundred Forty One
Five Hundred Forty Two
Five Hundred Forty Three
Five Hundred Forty Four
Five Hundred Forty Five
Five Hundred Forty Six
Five Hundred Forty Seven
Five Hundred Forty Eight
Five Hundred Forty Nine
Five Hundred Fifty
Five Hundred Fifty One
Five Hundred Fifty Two
Five Hundred Fifty Three
Five Hundred Fifty Four
Five Hundred Fifty Five
Five Hundred Fifty Six
Five Hundred Fifty Seven
Five Hundred Fifty Eight
Five Hundred Fifty Nine
Five Hundred Sixty
Five Hundred Sixty One
Five Hundred Sixty Two
Five Hundred Sixty Three
Five Hundred Sixty Four
Five Hundred Sixty Five
Five Hundred Sixty Six
Five Hundred Sixty Seven
Five Hundred Sixty Eight
Five Hundred Sixty Nine
Five Hundred Seventy
Five Hundred Seventy One
Five Hundred Seventy Two
Five Hundred Seventy Three
Five Hundred Seventy Four
Five Hundred Seventy Five
Five Hundred Seventy Six
Five Hundred Seventy Seven
Five Hundred Seventy Eight
Five Hundred Seventy Nine
Five Hundred Eighty
Five Hundred Eighty One
Five Hundred Eighty Two
Five Hundred Eighty Three
Five Hundred Eighty Four
Five Hundred Eighty Five
Five Hundred Eighty Six
Five Hundred Eighty Seven
Five Hundred Eighty Eight
Five Hundred Eighty Nine
Five Hundred Ninety
Five Hundred Ninety One
Five Hundred Ninety Two
Five Hundred Ninety Three
Five Hundred Ninety Four
Five Hundred Ninety Five
Five Hundred Ninety Six
Five Hundred Ninety Seven
Five Hundred Ninety Eight
Five Hundred Ninety Nine
Six Hundred
Six Hundred One
Six Hundred Two
Six Hundred Three
Six Hundred Four
Six Hundred Five
Six Hundred Six
Six Hundred Seven
Six Hundred Eight
Six Hundred Nine
Six Hundred Ten
Six Hundred Eleven
Six Hundred Twelve
Six Hundred Thirteen
Six Hundred Fourteen
Six Hundred Fifteen
Six Hundred Sixteen
Six Hundred Seventeen
Six Hundred Eighteen
Six Hundred Nineteen
Six Hundred Twenty
Six Hundred Twenty One
Six Hundred Twenty Two
Six Hundred Twenty Three
Six Hundred Twenty Four
Six Hundred Twenty Five
Six Hundred Twenty Six
Six Hundred Twenty Seven
Six Hundred Twenty Eight
Six Hundred Twenty Nine
Six Hundred Thirty
Six Hundred Thirty One
Six Hundred Thirty Two
Six Hundred Thirty Three
Six Hundred Thirty Four
Six Hundred Thirty Five
Six Hundred Thirty Six
Six Hundred Thirty Seven
Six Hundred Thirty Eight
Six Hundred Thirty Nine
Six Hundred Forty
Six Hundred Forty One
Six Hundred Forty Two
Six Hundred Forty Three
Six Hundred Forty Four
Six Hundred Forty Five
Six Hundred Forty Six
Six Hundred Forty Seven
Six Hundred Forty Eight
Six Hundred Forty Nine
Six Hundred Fifty
Six Hundred Fifty One
Six Hundred Fifty Two
Six Hundred Fifty Three
Six Hundred Fifty Four
Six Hundred Fifty Five
Six Hundred Fifty Six
Six Hundred Fifty Seven
Six Hundred Fifty Eight
Six Hundred Fifty Nine
Six Hundred Sixty
Six Hundred Sixty One
Six Hundred Sixty Two
Six Hundred Sixty Three
Six Hundred Sixty Four
Six Hundred Sixty Five
Six Hundred Sixty Six
Six Hundred Sixty Seven
Six Hundred Sixty Eight
Six Hundred Sixty Nine
Six Hundred Seventy
Six Hundred Seventy One
Six Hundred Seventy Two
Six Hundred Seventy Three
Six Hundred Seventy Four
Six Hundred Seventy Five
Six Hundred Seventy Six
Six Hundred Seventy Seven
Six Hundred Seventy Eight
Six Hundred Seventy Nine
Six Hundred Eighty
Six Hundred Eighty One
Six Hundred Eighty Two
Six Hundred Eighty Three
Six Hundred Eighty Four
Six Hundred Eighty Five
Six Hundred Eighty Six
Six Hundred Eighty Seven
Six Hundred Eighty Eight
Six Hundred Eighty Nine
Six Hundred Ninety
Six Hundred Ninety One
Six Hundred Ninety Two
Six Hundred Ninety Three
Six Hundred Ninety Four
Six Hundred Ninety Five
Six Hundred Ninety Six
Six Hundred Ninety Seven
Six Hundred Ninety Eight
Six Hundred Ninety Nine
Seven Hundred
Seven Hundred One
Seven Hundred Two
Seven Hundred Three
Seven Hundred Four
Seven Hundred Five
Seven Hundred Six
Seven Hundred Seven
Seven Hundred Eight
Seven Hundred Nine
Seven Hundred Ten
Seven Hundred Eleven
Seven Hundred Twelve
Seven Hundred Thirteen
Seven Hundred Fourteen
Seven Hundred Fifteen
Seven Hundred Sixteen
Seven Hundred Seventeen
Seven Hundred Eighteen
Seven Hundred Nineteen
Seven Hundred Twenty
Seven Hundred Twenty One
Seven Hundred Twenty Two
Seven Hundred Twenty Three
Seven Hundred Twenty Four
Seven Hundred Twenty Five
Seven Hundred Twenty Six
Seven Hundred Twenty Seven
Seven Hundred Twenty Eight
Seven Hundred Twenty Nine
Seven Hundred Thirty
Seven Hundred Thirty One
Seven Hundred Thirty Two
Seven Hundred Thirty Three
Seven Hundred Thirty Four
Seven Hundred Thirty Five
Seven Hundred Thirty Six
Seven Hundred Thirty Seven
Seven Hundred Thirty Eight
Seven Hundred Thirty Nine
Seven Hundred Forty
Seven Hundred Forty One
Seven Hundred Forty Two
Seven Hundred Forty Three
Seven Hundred Forty Four
Seven Hundred Forty Five
Seven Hundred Forty Six
Seven Hundred Forty Seven
Seven Hundred Forty Eight
Seven Hundred Forty Nine
Seven Hundred Fifty
Seven Hundred Fifty One
Seven Hundred Fifty Two
Seven Hundred Fifty Three
Seven Hundred Fifty Four
Seven Hundred Fifty Five
Seven Hundred Fifty Six
Seven Hundred Fifty Seven
Seven Hundred Fifty Eight
Seven Hundred Fifty Nine
Seven Hundred Sixty
Seven Hundred Sixty One
Seven Hundred Sixty Two
Seven Hundred Sixty Three
Seven Hundred Sixty Four
Seven Hundred Sixty Five
Seven Hundred Sixty Six
Seven Hundred Sixty Seven
Seven Hundred Sixty Eight
Seven Hundred Sixty Nine
Seven Hundred Seventy
Seven Hundred Seventy One
Seven Hundred Seventy Two
Seven Hundred Seventy Three
Seven Hundred Seventy Four
Seven Hundred Seventy Five
Seven Hundred Seventy Six
Seven Hundred Seventy Seven
Seven Hundred Seventy Eight
Seven Hundred Seventy Nine
Seven Hundred Eighty
Seven Hundred Eighty One
Seven Hundred Eighty Two
Seven Hundred Eighty Three
Seven Hundred Eighty Four
Seven Hundred Eighty Five
Seven Hundred Eighty Six
Seven Hundred Eighty Seven
Seven Hundred Eighty Eight
Seven Hundred Eighty Nine
Seven Hundred Ninety
Seven Hundred Ninety One
Seven Hundred Ninety Two
Seven Hundred Ninety Three
Seven Hundred Ninety Four
Seven Hundred Ninety Five
Seven Hundred Ninety Six
Seven Hundred Ninety Seven
Seven Hundred Ninety Eight
Seven Hundred Ninety Nine
Eight Hundred
Eight Hundred One
Eight Hundred Two
Eight Hundred Three
Eight Hundred Four
Eight Hundred Five
Eight Hundred Six
Eight Hundred Seven
Eight Hundred Eight
Eight Hundred Nine
Eight Hundred Ten
Eight Hundred Eleven
Eight Hundred Twelve
Eight Hundred Thirteen
Eight Hundred Fourteen
Eight Hundred Fifteen
Eight Hundred Sixteen
Eight Hundred Seventeen
Eight Hundred Eighteen
Eight Hundred Nineteen
Eight Hundred Twenty
Eight Hundred Twenty One
Eight Hundred Twenty Two
Eight Hundred Twenty Three
Eight Hundred Twenty Four
Eight Hundred Twenty Five
Eight Hundred Twenty Six
Eight Hundred Twenty Seven
Eight Hundred Twenty Eight
Eight Hundred Twenty Nine
Eight Hundred Thirty
Eight Hundred Thirty One
Eight Hundred Thirty Two
Eight Hundred Thirty Three
Eight Hundred Thirty Four
Eight Hundred Thirty Five
Eight Hundred Thirty Six
Eight Hundred Thirty Seven
Eight Hundred Thirty Eight
Eight Hundred Thirty Nine
Eight Hundred Forty
Eight Hundred Forty One
Eight Hundred Forty Two
Eight Hundred Forty Three
Eight Hundred Forty Four
Eight Hundred Forty Five
Eight Hundred Forty Six
Eight Hundred Forty Seven
Eight Hundred Forty Eight
Eight Hundred Forty Nine
Eight Hundred Fifty
Eight Hundred Fifty One
Eight Hundred Fifty Two
Eight Hundred Fifty Three
Eight Hundred Fifty Four
Eight Hundred Fifty Five
Eight Hundred Fifty Six
Eight Hundred Fifty Seven
Eight Hundred Fifty Eight
Eight Hundred Fifty Nine
Eight Hundred Sixty
Eight Hundred Sixty One
Eight Hundred Sixty Two
Eight Hundred Sixty Three
Eight Hundred Sixty Four
Eight Hundred Sixty Five
Eight Hundred Sixty Six
Eight Hundred Sixty Seven
Eight Hundred Sixty Eight
Eight Hundred Sixty Nine
Eight Hundred Seventy
Eight Hundred Seventy One
Eight Hundred Seventy Two
Eight Hundred Seventy Three
Eight Hundred Seventy Four
Eight Hundred Seventy Five
Eight Hundred Seventy Six
Eight Hundred Seventy Seven
Eight Hundred Seventy Eight
Eight Hundred Seventy Nine
Eight Hundred Eighty
Eight Hundred Eighty One
Eight Hundred Eighty Two
Eight Hundred Eighty Three
Eight Hundred Eighty Four
Eight Hundred Eighty Five
Eight Hundred Eighty Six
Eight Hundred Eighty Seven
Eight Hundred Eighty Eight
Eight Hundred Eighty Nine
Eight Hundred Ninety
Eight Hundred Ninety One
Eight Hundred Ninety Two
Eight Hundred Ninety Three
Eight Hundred Ninety Four
Eight Hundred Ninety Five
Eight Hundred Ninety Six
Eight Hundred Ninety Seven
Eight Hundred Ninety Eight
Eight Hundred Ninety Nine
Nine Hundred
Nine Hundred One
Nine Hundred Two
Nine Hundred Three
Nine Hundred Four
Nine Hundred Five
Nine Hundred Six
Nine Hundred Seven
Nine Hundred Eight
Nine Hundred Nine
Nine Hundred Ten
Nine Hundred Eleven
Nine Hundred Twelve
Nine Hundred Thirteen
Nine Hundred Fourteen
Nine Hundred Fifteen
Nine Hundred Sixteen
Nine Hundred Seventeen
Nine Hundred Eighteen
Nine Hundred Nineteen
Nine Hundred Twenty
Nine Hundred Twenty One
Nine Hundred Twenty Two
Nine Hundred Twenty Three
Nine Hundred Twenty Four
Nine Hundred Twenty Five
Nine Hundred Twenty Six
Nine Hundred Twenty Seven
Nine Hundred Twenty Eight
Nine Hundred Twenty Nine
Nine Hundred Thirty
Nine Hundred Thirty One
Nine Hundred Thirty Two
Nine Hundred Thirty Three
Nine Hundred Thirty Four
Nine Hundred Thirty Five
Nine Hundred Thirty Six
Nine Hundred Thirty Seven
Nine Hundred Thirty Eight
Nine Hundred Thirty Nine
Nine Hundred Forty
Nine Hundred Forty One
Nine Hundred Forty Two
Nine Hundred Forty Three
Nine Hundred Forty Four
Nine Hundred Forty Five
Nine Hundred Forty Six
Nine Hundred Forty Seven
Nine Hundred Forty Eight
Nine Hundred Forty Nine
Nine Hundred Fifty
Nine Hundred Fifty One
Nine Hundred Fifty Two
Nine Hundred Fifty Three
Nine Hundred Fifty Four
Nine Hundred Fifty Five
Nine Hundred Fifty Six
Nine Hundred Fifty Seven
Nine Hundred Fifty Eight
Nine Hundred Fifty Nine
Nine Hundred Sixty
Nine Hundred Sixty One
Nine Hundred Sixty Two
Nine Hundred Sixty Three
Nine Hundred Sixty Four
Nine Hundred Sixty Five
Nine Hundred Sixty Six
Nine Hundred Sixty Seven
Nine Hundred Sixty Eight
Nine Hundred Sixty Nine
Nine Hundred Seventy
Nine Hundred Seventy One
Nine Hundred Seventy Two
Nine Hundred Seventy Three
Nine Hundred Seventy Four
Nine Hundred Seventy Five
Nine Hundred Seventy Six
Nine Hundred Seventy Seven
Nine Hundred Seventy Eight
Nine Hundred Seventy Nine
Nine Hundred Eighty
Nine Hundred Eighty One
Nine Hundred Eighty Two
Nine Hundred Eighty Three
Nine Hundred Eighty Four
Nine Hundred Eighty Five
Nine Hundred Eighty Six
Nine Hundred Eighty Seven
Nine Hundred Eighty Eight
Nine Hundred Eighty Nine
Nine Hundred Ninety
Nine Hundred Ninety One
Nine Hundred Ninety Two
Nine Hundred Ninety Three
Nine Hundred Ninety Four
Nine Hundred Ninety Five
Nine Hundred Ninety Six
Nine Hundred Ninety Seven
Nine Hundred Ninety Eight
Nine Hundred Ninety Nine
One Thousand
21124
